This is pdfTeX, Version 3.141592653-2.6-1.40.26 (MiKTeX 24.4) (preloaded format=pdflatex 2024.4.29)  3 MAY 2024 04:55
entering extended mode
 restricted \write18 enabled.
 %&-line parsing enabled.
**./Bachelor.tex
(Bachelor.tex
LaTeX2e <2023-11-01> patch level 1
L3 programming layer <2024-03-14>
(C:\Users\Emad\AppData\Local\Programs\MiKTeX\tex/latex/base\book.cls
Document Class: book 2023/05/17 v1.4n Standard LaTeX document class
(C:\Users\Emad\AppData\Local\Programs\MiKTeX\tex/latex/base\bk12.clo
File: bk12.clo 2023/05/17 v1.4n Standard LaTeX file (size option)
)
\c@part=\count188
\c@chapter=\count189
\c@section=\count190
\c@subsection=\count191
\c@subsubsection=\count192
\c@paragraph=\count193
\c@subparagraph=\count194
\c@figure=\count195
\c@table=\count196
\abovecaptionskip=\skip48
\belowcaptionskip=\skip49
\bibindent=\dimen140
)
(C:\Users\Emad\AppData\Local\Programs\MiKTeX\tex/latex/preprint\fullpage.sty
Package: fullpage 1999/02/23 1.1 (PWD)
\FP@margin=\skip50
)
(C:\Users\Emad\AppData\Local\Programs\MiKTeX\tex/latex/setspace\setspace.sty
Package: setspace 2022/12/04 v6.7b set line spacing
)
(C:\Users\Emad\AppData\Local\Programs\MiKTeX\tex/latex/tools\tabularx.sty
Package: tabularx 2023/07/08 v2.11c `tabularx' package (DPC)

(C:\Users\Emad\AppData\Local\Programs\MiKTeX\tex/latex/tools\array.sty
Package: array 2023/10/16 v2.5g Tabular extension package (FMi)
\col@sep=\dimen141
\ar@mcellbox=\box51
\extrarowheight=\dimen142
\NC@list=\toks17
\extratabsurround=\skip51
\backup@length=\skip52
\ar@cellbox=\box52
)
\TX@col@width=\dimen143
\TX@old@table=\dimen144
\TX@old@col=\dimen145
\TX@target=\dimen146
\TX@delta=\dimen147
\TX@cols=\count197
\TX@ftn=\toks18
)
(C:\Users\Emad\AppData\Local\Programs\MiKTeX\tex/latex/url\url.sty
\Urlmuskip=\muskip16
Package: url 2013/09/16  ver 3.4  Verb mode for urls, etc.
)
(C:\Users\Emad\AppData\Local\Programs\MiKTeX\tex/latex/graphics\graphicx.sty
Package: graphicx 2021/09/16 v1.2d Enhanced LaTeX Graphics (DPC,SPQR)

(C:\Users\Emad\AppData\Local\Programs\MiKTeX\tex/latex/graphics\keyval.sty
Package: keyval 2022/05/29 v1.15 key=value parser (DPC)
\KV@toks@=\toks19
)
(C:\Users\Emad\AppData\Local\Programs\MiKTeX\tex/latex/graphics\graphics.sty
Package: graphics 2022/03/10 v1.4e Standard LaTeX Graphics (DPC,SPQR)

(C:\Users\Emad\AppData\Local\Programs\MiKTeX\tex/latex/graphics\trig.sty
Package: trig 2021/08/11 v1.11 sin cos tan (DPC)
)
(C:\Users\Emad\AppData\Local\Programs\MiKTeX\tex/latex/graphics-cfg\graphics.cf
g
File: graphics.cfg 2016/06/04 v1.11 sample graphics configuration
)
Package graphics Info: Driver file: pdftex.def on input line 107.

(C:\Users\Emad\AppData\Local\Programs\MiKTeX\tex/latex/graphics-def\pdftex.def
File: pdftex.def 2024/04/13 v1.2c Graphics/color driver for pdftex
))
\Gin@req@height=\dimen148
\Gin@req@width=\dimen149
) (C:\Users\Emad\AppData\Local\Programs\MiKTeX\tex/latex/float\float.sty
Package: float 2001/11/08 v1.3d Float enhancements (AL)
\c@float@type=\count198
\float@exts=\toks20
\float@box=\box53
\@float@everytoks=\toks21
\@floatcapt=\box54
)
\@float@every@table=\toks22

(C:\Users\Emad\AppData\Local\Programs\MiKTeX\tex/latex/subfig\subfig.sty
Package: subfig 2005/06/28 ver: 1.3 subfig package

(C:\Users\Emad\AppData\Local\Programs\MiKTeX\tex/latex/caption\caption.sty
Package: caption 2023/08/05 v3.6o Customizing captions (AR)

(C:\Users\Emad\AppData\Local\Programs\MiKTeX\tex/latex/caption\caption3.sty
Package: caption3 2023/07/31 v2.4d caption3 kernel (AR)
\caption@tempdima=\dimen150
\captionmargin=\dimen151
\caption@leftmargin=\dimen152
\caption@rightmargin=\dimen153
\caption@width=\dimen154
\caption@indent=\dimen155
\caption@parindent=\dimen156
\caption@hangindent=\dimen157
Package caption Info: Standard document class detected.
)
\c@caption@flags=\count199
\c@continuedfloat=\count266
Package caption Info: float package is loaded.
)
\c@KVtest=\count267
\sf@farskip=\skip53
\sf@captopadj=\dimen158
\sf@capskip=\skip54
\sf@nearskip=\skip55
\c@subfigure=\count268
\c@subfigure@save=\count269
\c@lofdepth=\count270
\c@subtable=\count271
\c@subtable@save=\count272
\c@lotdepth=\count273
\sf@top=\skip56
\sf@bottom=\skip57
)
(C:\Users\Emad\AppData\Local\Programs\MiKTeX\tex/latex/xcolor\xcolor.sty
Package: xcolor 2023/11/15 v3.01 LaTeX color extensions (UK)

(C:\Users\Emad\AppData\Local\Programs\MiKTeX\tex/latex/graphics-cfg\color.cfg
File: color.cfg 2016/01/02 v1.6 sample color configuration
)
Package xcolor Info: Driver file: pdftex.def on input line 274.

(C:\Users\Emad\AppData\Local\Programs\MiKTeX\tex/latex/graphics\mathcolor.ltx)
Package xcolor Info: Model `cmy' substituted by `cmy0' on input line 1350.
Package xcolor Info: Model `hsb' substituted by `rgb' on input line 1354.
Package xcolor Info: Model `RGB' extended on input line 1366.
Package xcolor Info: Model `HTML' substituted by `rgb' on input line 1368.
Package xcolor Info: Model `Hsb' substituted by `hsb' on input line 1369.
Package xcolor Info: Model `tHsb' substituted by `hsb' on input line 1370.
Package xcolor Info: Model `HSB' substituted by `hsb' on input line 1371.
Package xcolor Info: Model `Gray' substituted by `gray' on input line 1372.
Package xcolor Info: Model `wave' substituted by `hsb' on input line 1373.
) (C:\Users\Emad\AppData\Local\Programs\MiKTeX\tex/latex/colortbl\colortbl.sty
Package: colortbl 2024/02/20 v1.0g Color table columns (DPC)
\everycr=\toks23
\minrowclearance=\skip58
\rownum=\count274
)
(C:\Users\Emad\AppData\Local\Programs\MiKTeX\tex/latex/multirow\multirow.sty
Package: multirow 2021/03/15 v2.8 Span multiple rows of a table
\multirow@colwidth=\skip59
\multirow@cntb=\count275
\multirow@dima=\skip60
\bigstrutjot=\dimen159
)
(C:\Users\Emad\AppData\Local\Programs\MiKTeX\tex/latex/booktabs\booktabs.sty
Package: booktabs 2020/01/12 v1.61803398 Publication quality tables
\heavyrulewidth=\dimen160
\lightrulewidth=\dimen161
\cmidrulewidth=\dimen162
\belowrulesep=\dimen163
\belowbottomsep=\dimen164
\aboverulesep=\dimen165
\abovetopsep=\dimen166
\cmidrulesep=\dimen167
\cmidrulekern=\dimen168
\defaultaddspace=\dimen169
\@cmidla=\count276
\@cmidlb=\count277
\@aboverulesep=\dimen170
\@belowrulesep=\dimen171
\@thisruleclass=\count278
\@lastruleclass=\count279
\@thisrulewidth=\dimen172
)
(C:\Users\Emad\AppData\Local\Programs\MiKTeX\tex/latex/appendix\appendix.sty
Package: appendix 2020/02/08 v1.2c extra appendix facilities
\c@@pps=\count280
\c@@ppsavesec=\count281
\c@@ppsaveapp=\count282
)
(C:\Users\Emad\AppData\Local\Programs\MiKTeX\tex/latex/hyperref\hyperref.sty
Package: hyperref 2024-01-20 v7.01h Hypertext links for LaTeX

(C:\Users\Emad\AppData\Local\Programs\MiKTeX\tex/generic/iftex\iftex.sty
Package: iftex 2022/02/03 v1.0f TeX engine tests
)
(C:\Users\Emad\AppData\Local\Programs\MiKTeX\tex/latex/kvsetkeys\kvsetkeys.sty
Package: kvsetkeys 2022-10-05 v1.19 Key value parser (HO)
)
(C:\Users\Emad\AppData\Local\Programs\MiKTeX\tex/generic/kvdefinekeys\kvdefinek
eys.sty
Package: kvdefinekeys 2019-12-19 v1.6 Define keys (HO)
)
(C:\Users\Emad\AppData\Local\Programs\MiKTeX\tex/generic/pdfescape\pdfescape.st
y
Package: pdfescape 2019/12/09 v1.15 Implements pdfTeX's escape features (HO)
 (C:\Users\Emad\AppData\Local\Programs\MiKTeX\tex/generic/ltxcmds\ltxcmds.sty
Package: ltxcmds 2023-12-04 v1.26 LaTeX kernel commands for general use (HO)
)
(C:\Users\Emad\AppData\Local\Programs\MiKTeX\tex/generic/pdftexcmds\pdftexcmds.
sty
Package: pdftexcmds 2020-06-27 v0.33 Utility functions of pdfTeX for LuaTeX (HO
)

(C:\Users\Emad\AppData\Local\Programs\MiKTeX\tex/generic/infwarerr\infwarerr.st
y
Package: infwarerr 2019/12/03 v1.5 Providing info/warning/error messages (HO)
)
Package pdftexcmds Info: \pdf@primitive is available.
Package pdftexcmds Info: \pdf@ifprimitive is available.
Package pdftexcmds Info: \pdfdraftmode found.
)) (C:\Users\Emad\AppData\Local\Programs\MiKTeX\tex/latex/hycolor\hycolor.sty
Package: hycolor 2020-01-27 v1.10 Color options for hyperref/bookmark (HO)
) (C:\Users\Emad\AppData\Local\Programs\MiKTeX\tex/latex/auxhook\auxhook.sty
Package: auxhook 2019-12-17 v1.6 Hooks for auxiliary files (HO)
)
(C:\Users\Emad\AppData\Local\Programs\MiKTeX\tex/latex/hyperref\nameref.sty
Package: nameref 2023-11-26 v2.56 Cross-referencing by name of section

(C:\Users\Emad\AppData\Local\Programs\MiKTeX\tex/latex/refcount\refcount.sty
Package: refcount 2019/12/15 v3.6 Data extraction from label references (HO)
)
(C:\Users\Emad\AppData\Local\Programs\MiKTeX\tex/generic/gettitlestring\gettitl
estring.sty
Package: gettitlestring 2019/12/15 v1.6 Cleanup title references (HO)

(C:\Users\Emad\AppData\Local\Programs\MiKTeX\tex/latex/kvoptions\kvoptions.sty
Package: kvoptions 2022-06-15 v3.15 Key value format for package options (HO)
))
\c@section@level=\count283
) (C:\Users\Emad\AppData\Local\Programs\MiKTeX\tex/latex/etoolbox\etoolbox.sty
Package: etoolbox 2020/10/05 v2.5k e-TeX tools for LaTeX (JAW)
\etb@tempcnta=\count284
)
\@linkdim=\dimen173
\Hy@linkcounter=\count285
\Hy@pagecounter=\count286
 (C:\Users\Emad\AppData\Local\Programs\MiKTeX\tex/latex/hyperref\pd1enc.def
File: pd1enc.def 2024-01-20 v7.01h Hyperref: PDFDocEncoding definition (HO)
Now handling font encoding PD1 ...
... no UTF-8 mapping file for font encoding PD1
)
(C:\Users\Emad\AppData\Local\Programs\MiKTeX\tex/generic/intcalc\intcalc.sty
Package: intcalc 2019/12/15 v1.3 Expandable calculations with integers (HO)
)
\Hy@SavedSpaceFactor=\count287

(C:\Users\Emad\AppData\Local\Programs\MiKTeX\tex/latex/hyperref\puenc.def
File: puenc.def 2024-01-20 v7.01h Hyperref: PDF Unicode definition (HO)
Now handling font encoding PU ...
... no UTF-8 mapping file for font encoding PU
)
Package hyperref Info: Option `colorlinks' set `true' on input line 4062.
Package hyperref Info: Hyper figures OFF on input line 4179.
Package hyperref Info: Link nesting OFF on input line 4184.
Package hyperref Info: Hyper index ON on input line 4187.
Package hyperref Info: Plain pages OFF on input line 4194.
Package hyperref Info: Backreferencing OFF on input line 4199.
Package hyperref Info: Implicit mode ON; LaTeX internals redefined.
Package hyperref Info: Bookmarks ON on input line 4446.
\c@Hy@tempcnt=\count288
LaTeX Info: Redefining \url on input line 4784.
\XeTeXLinkMargin=\dimen174

(C:\Users\Emad\AppData\Local\Programs\MiKTeX\tex/generic/bitset\bitset.sty
Package: bitset 2019/12/09 v1.3 Handle bit-vector datatype (HO)

(C:\Users\Emad\AppData\Local\Programs\MiKTeX\tex/generic/bigintcalc\bigintcalc.
sty
Package: bigintcalc 2019/12/15 v1.5 Expandable calculations on big integers (HO
)
))
\Fld@menulength=\count289
\Field@Width=\dimen175
\Fld@charsize=\dimen176
Package hyperref Info: Hyper figures OFF on input line 6063.
Package hyperref Info: Link nesting OFF on input line 6068.
Package hyperref Info: Hyper index ON on input line 6071.
Package hyperref Info: backreferencing OFF on input line 6078.
Package hyperref Info: Link coloring ON on input line 6081.
Package hyperref Info: Link coloring with OCG OFF on input line 6088.
Package hyperref Info: PDF/A mode OFF on input line 6093.

(C:\Users\Emad\AppData\Local\Programs\MiKTeX\tex/latex/base\atbegshi-ltx.sty
Package: atbegshi-ltx 2021/01/10 v1.0c Emulation of the original atbegshi
package with kernel methods
)
\Hy@abspage=\count290
\c@Item=\count291
\c@Hfootnote=\count292
)
Package hyperref Info: Driver (autodetected): hpdftex.

(C:\Users\Emad\AppData\Local\Programs\MiKTeX\tex/latex/hyperref\hpdftex.def
File: hpdftex.def 2024-01-20 v7.01h Hyperref driver for pdfTeX

(C:\Users\Emad\AppData\Local\Programs\MiKTeX\tex/latex/base\atveryend-ltx.sty
Package: atveryend-ltx 2020/08/19 v1.0a Emulation of the original atveryend pac
kage
with kernel methods
)
\Fld@listcount=\count293
\c@bookmark@seq@number=\count294

(C:\Users\Emad\AppData\Local\Programs\MiKTeX\tex/latex/rerunfilecheck\rerunfile
check.sty
Package: rerunfilecheck 2022-07-10 v1.10 Rerun checks for auxiliary files (HO)

(C:\Users\Emad\AppData\Local\Programs\MiKTeX\tex/generic/uniquecounter\uniqueco
unter.sty
Package: uniquecounter 2019/12/15 v1.4 Provide unlimited unique counter (HO)
)
Package uniquecounter Info: New unique counter `rerunfilecheck' on input line 2
85.
)
\Hy@SectionHShift=\skip61
)
(C:\Users\Emad\AppData\Local\Programs\MiKTeX\tex/latex/acronym\acronym.sty
Package: acronym 2020/04/17 v1.47 Support for acronyms (Tobias Oetiker)

(C:\Users\Emad\AppData\Local\Programs\MiKTeX\tex/latex/bigfoot\suffix.sty
Package: suffix 2006/07/15 1.5a Variant command support
)
(C:\Users\Emad\AppData\Local\Programs\MiKTeX\tex/latex/xstring\xstring.sty
(C:\Users\Emad\AppData\Local\Programs\MiKTeX\tex/generic/xstring\xstring.tex
\xs_counta=\count295
\xs_countb=\count296
)
Package: xstring 2023/08/22 v1.86 String manipulations (CT)
)
\AC@clearlist=\toks24
)
(C:\Users\Emad\AppData\Local\Programs\MiKTeX\tex/latex/algorithms\algorithmic.s
ty
Package: algorithmic 2009/08/24 v0.1 Document Style `algorithmic'
 (C:\Users\Emad\AppData\Local\Programs\MiKTeX\tex/latex/base\ifthen.sty
Package: ifthen 2022/04/13 v1.1d Standard LaTeX ifthen package (DPC)
)
\c@ALC@unique=\count297
\c@ALC@line=\count298
\c@ALC@rem=\count299
\c@ALC@depth=\count300
\ALC@tlm=\skip62
\algorithmicindent=\skip63
)
(C:\Users\Emad\AppData\Local\Programs\MiKTeX\tex/latex/algorithms\algorithm.sty
Package: algorithm 2009/08/24 v0.1 Document Style `algorithm' - floating enviro
nment
\@float@every@algorithm=\toks25
\c@algorithm=\count301
) (C:\Users\Emad\AppData\Local\Programs\MiKTeX\tex/generic/iftex\ifpdf.sty
Package: ifpdf 2019/10/25 v3.4 ifpdf legacy package. Use iftex instead.
)
(C:\Users\Emad\AppData\Local\Programs\MiKTeX\tex/latex/amsmath\amsmath.sty
Package: amsmath 2023/05/13 v2.17o AMS math features
\@mathmargin=\skip64

For additional information on amsmath, use the `?' option.
(C:\Users\Emad\AppData\Local\Programs\MiKTeX\tex/latex/amsmath\amstext.sty
Package: amstext 2021/08/26 v2.01 AMS text

(C:\Users\Emad\AppData\Local\Programs\MiKTeX\tex/latex/amsmath\amsgen.sty
File: amsgen.sty 1999/11/30 v2.0 generic functions
\@emptytoks=\toks26
\ex@=\dimen177
))
(C:\Users\Emad\AppData\Local\Programs\MiKTeX\tex/latex/amsmath\amsbsy.sty
Package: amsbsy 1999/11/29 v1.2d Bold Symbols
\pmbraise@=\dimen178
)
(C:\Users\Emad\AppData\Local\Programs\MiKTeX\tex/latex/amsmath\amsopn.sty
Package: amsopn 2022/04/08 v2.04 operator names
)
\inf@bad=\count302
LaTeX Info: Redefining \frac on input line 234.
\uproot@=\count303
\leftroot@=\count304
LaTeX Info: Redefining \overline on input line 399.
LaTeX Info: Redefining \colon on input line 410.
\classnum@=\count305
\DOTSCASE@=\count306
LaTeX Info: Redefining \ldots on input line 496.
LaTeX Info: Redefining \dots on input line 499.
LaTeX Info: Redefining \cdots on input line 620.
\Mathstrutbox@=\box55
\strutbox@=\box56
LaTeX Info: Redefining \big on input line 722.
LaTeX Info: Redefining \Big on input line 723.
LaTeX Info: Redefining \bigg on input line 724.
LaTeX Info: Redefining \Bigg on input line 725.
\big@size=\dimen179
LaTeX Font Info:    Redeclaring font encoding OML on input line 743.
LaTeX Font Info:    Redeclaring font encoding OMS on input line 744.
\macc@depth=\count307
LaTeX Info: Redefining \bmod on input line 905.
LaTeX Info: Redefining \pmod on input line 910.
LaTeX Info: Redefining \smash on input line 940.
LaTeX Info: Redefining \relbar on input line 970.
LaTeX Info: Redefining \Relbar on input line 971.
\c@MaxMatrixCols=\count308
\dotsspace@=\muskip17
\c@parentequation=\count309
\dspbrk@lvl=\count310
\tag@help=\toks27
\row@=\count311
\column@=\count312
\maxfields@=\count313
\andhelp@=\toks28
\eqnshift@=\dimen180
\alignsep@=\dimen181
\tagshift@=\dimen182
\tagwidth@=\dimen183
\totwidth@=\dimen184
\lineht@=\dimen185
\@envbody=\toks29
\multlinegap=\skip65
\multlinetaggap=\skip66
\mathdisplay@stack=\toks30
LaTeX Info: Redefining \[ on input line 2953.
LaTeX Info: Redefining \] on input line 2954.
)
(C:\Users\Emad\AppData\Local\Programs\MiKTeX\tex/latex/l3backend\l3backend-pdft
ex.def
File: l3backend-pdftex.def 2024-03-14 L3 backend support: PDF output (pdfTeX)
\l__color_backend_stack_int=\count314
\l__pdf_internal_box=\box57
) (Bachelor.aux (TitlePage.aux) (Acknowledgments.aux) (Abstract.aux)
(Introduction.aux) (LiteratureReview.aux) (Methodology.aux) (Results.aux)
(Conclusion.aux) (Appendix.aux))
\openout1 = `Bachelor.aux'.

LaTeX Font Info:    Checking defaults for OML/cmm/m/it on input line 82.
LaTeX Font Info:    ... okay on input line 82.
LaTeX Font Info:    Checking defaults for OMS/cmsy/m/n on input line 82.
LaTeX Font Info:    ... okay on input line 82.
LaTeX Font Info:    Checking defaults for OT1/cmr/m/n on input line 82.
LaTeX Font Info:    ... okay on input line 82.
LaTeX Font Info:    Checking defaults for T1/cmr/m/n on input line 82.
LaTeX Font Info:    ... okay on input line 82.
LaTeX Font Info:    Checking defaults for TS1/cmr/m/n on input line 82.
LaTeX Font Info:    ... okay on input line 82.
LaTeX Font Info:    Checking defaults for OMX/cmex/m/n on input line 82.
LaTeX Font Info:    ... okay on input line 82.
LaTeX Font Info:    Checking defaults for U/cmr/m/n on input line 82.
LaTeX Font Info:    ... okay on input line 82.
LaTeX Font Info:    Checking defaults for PD1/pdf/m/n on input line 82.
LaTeX Font Info:    ... okay on input line 82.
LaTeX Font Info:    Checking defaults for PU/pdf/m/n on input line 82.
LaTeX Font Info:    ... okay on input line 82.

(C:\Users\Emad\AppData\Local\Programs\MiKTeX\tex/context/base/mkii\supp-pdf.mki
i
[Loading MPS to PDF converter (version 2006.09.02).]
\scratchcounter=\count315
\scratchdimen=\dimen186
\scratchbox=\box58
\nofMPsegments=\count316
\nofMParguments=\count317
\everyMPshowfont=\toks31
\MPscratchCnt=\count318
\MPscratchDim=\dimen187
\MPnumerator=\count319
\makeMPintoPDFobject=\count320
\everyMPtoPDFconversion=\toks32
)
(C:\Users\Emad\AppData\Local\Programs\MiKTeX\tex/latex/epstopdf-pkg\epstopdf-ba
se.sty
Package: epstopdf-base 2020-01-24 v2.11 Base part for package epstopdf
 (C:\Users\Emad\AppData\Local\Programs\MiKTeX\tex/latex/grfext\grfext.sty
Package: grfext 2019/12/03 v1.3 Manage graphics extensions (HO)
)
Package epstopdf-base Info: Redefining graphics rule for `.eps' on input line 4
85.
Package grfext Info: Graphics extension search list:
(grfext)             [.pdf,.png,.jpg,.mps,.jpeg,.jbig2,.jb2,.PDF,.PNG,.JPG,.JPE
G,.JBIG2,.JB2,.eps]
(grfext)             \AppendGraphicsExtensions on input line 504.

(C:\Users\Emad\AppData\Local\Programs\MiKTeX\tex/latex/00miktex\epstopdf-sys.cf
g
File: epstopdf-sys.cfg 2021/03/18 v2.0 Configuration of epstopdf for MiKTeX
))
Package caption Info: Begin \AtBeginDocument code.
Package caption Info: subfig package v1.3 is loaded.
Package caption Info: hyperref package is loaded.
Package caption Info: End \AtBeginDocument code.
Package hyperref Info: Link coloring ON on input line 82.
 (Bachelor.out) (Bachelor.out)
\@outlinefile=\write3
\openout3 = `Bachelor.out'.

\openout2 = `TitlePage.aux'.

 (TitlePage.tex
Package epstopdf Info: Source file: <GUC-logo-ss.eps>
(epstopdf)                    date: 2024-04-28 19:18:29
(epstopdf)                    size: 25028 bytes
(epstopdf)             Output file: <GUC-logo-ss-eps-converted-to.pdf>
(epstopdf)                    date: 2024-04-28 19:18:29
(epstopdf)                    size: 6986 bytes
(epstopdf)             Command: <miktex-epstopdf --outfile=GUC-logo-ss-eps-conv
erted-to.pdf GUC-logo-ss.eps>
(epstopdf)             \includegraphics on input line 42.
Package epstopdf Info: Output file is already uptodate.
<GUC-logo-ss-eps-converted-to.pdf, id=167, 271.0125pt x 259.97125pt>
File: GUC-logo-ss-eps-converted-to.pdf Graphic file (type pdf)
<use GUC-logo-ss-eps-converted-to.pdf>
Package pdftex.def Info: GUC-logo-ss-eps-converted-to.pdf  used on input line 4
2.
(pdftex.def)             Requested size: 71.13188pt x 68.23355pt.
 [1


{C:/Users/Emad/AppData/Local/MiKTeX/fonts/map/pdftex/pdftex.map} <./GUC-logo-ss
-eps-converted-to.pdf>]
[2

]
Package epstopdf Info: Source file: <GUC-logo-ss.eps>
(epstopdf)                    date: 2024-04-28 19:18:29
(epstopdf)                    size: 25028 bytes
(epstopdf)             Output file: <GUC-logo-ss-eps-converted-to.pdf>
(epstopdf)                    date: 2024-04-28 19:18:29
(epstopdf)                    size: 6986 bytes
(epstopdf)             Command: <miktex-epstopdf --outfile=GUC-logo-ss-eps-conv
erted-to.pdf GUC-logo-ss.eps>
(epstopdf)             \includegraphics on input line 45.
Package epstopdf Info: Output file is already uptodate.
File: GUC-logo-ss-eps-converted-to.pdf Graphic file (type pdf)
<use GUC-logo-ss-eps-converted-to.pdf>
Package pdftex.def Info: GUC-logo-ss-eps-converted-to.pdf  used on input line 4
5.
(pdftex.def)             Requested size: 71.13188pt x 68.23355pt.
 [3

] [4

])
\openout2 = `Acknowledgments.aux'.

 (Acknowledgments.tex) [5





]
\openout2 = `Abstract.aux'.

 (Abstract.tex [6




]) [7] [8



] (Bachelor.toc [9])
\tf@toc=\write4
\openout4 = `Bachelor.toc'.

 [10]
\openout2 = `Introduction.aux'.

 (Introduction.tex
Chapter 1.
[1



] [2]) [3]
\openout2 = `LiteratureReview.aux'.

 (LiteratureReview.tex [4




]
Chapter 2.
Package acronym Info: Label `acro:mbti' newly defined as it shall be overridden

although it is yet undefined on input line 16.
Package acronym Info: Label `acro:disc' newly defined as it shall be overridden

although it is yet undefined on input line 16.
[5] [6]
Package acronym Info: Label `acro:meta' newly defined as it shall be overridden

although it is yet undefined on input line 42.
 [7]
<Figure1.png, id=352, 898.85812pt x 119.69719pt>
File: Figure1.png Graphic file (type png)
<use Figure1.png>
Package pdftex.def Info: Figure1.png  used on input line 68.
(pdftex.def)             Requested size: 483.69684pt x 64.41269pt.

Overfull \hbox (30.72894pt too wide) in paragraph at lines 68--69
 [][] 
 []

[8 <./Figure1.png>]
Package acronym Info: Label `acro:liwc' newly defined as it shall be overridden

although it is yet undefined on input line 95.
<LIWC.png, id=388, 900.36375pt x 1057.70157pt>
File: LIWC.png Graphic file (type png)
<use LIWC.png>
Package pdftex.def Info: LIWC.png  used on input line 100.
(pdftex.def)             Requested size: 455.24408pt x 534.80486pt.

Overfull \hbox (2.27618pt too wide) in paragraph at lines 100--101
 [][] 
 []


Underfull \vbox (badness 3240) has occurred while \output is active []

 [9]
[10 <./LIWC.png>]
<Table1.png, id=418, 542.77782pt x 414.79968pt>
File: Table1.png Graphic file (type png)
<use Table1.png>
Package pdftex.def Info: Table1.png  used on input line 115.
(pdftex.def)             Requested size: 227.62204pt x 173.95517pt.
<Table2.png, id=421, 793.46437pt x 514.17094pt>
File: Table2.png Graphic file (type png)
<use Table2.png>
Package pdftex.def Info: Table2.png  used on input line 122.
(pdftex.def)             Requested size: 284.52756pt x 184.3796pt.
 [11 <./Table1.png>]
<Figure3.jpg, id=436, 215.1293pt x 112.94289pt>
File: Figure3.jpg Graphic file (type jpg)
<use Figure3.jpg>
Package pdftex.def Info: Figure3.jpg  used on input line 130.
(pdftex.def)             Requested size: 284.52756pt x 149.37802pt.
 [12 <./Table2.png> <./Figure3.jpg>]
<Figure4.png, id=448, 572.89032pt x 539.76656pt>
File: Figure4.png Graphic file (type png)
<use Figure4.png>
Package pdftex.def Info: Figure4.png  used on input line 138.
(pdftex.def)             Requested size: 199.16928pt x 187.65276pt.
<Figure5.png, id=451, 532.23843pt x 538.26094pt>
File: Figure5.png Graphic file (type png)
<use Figure5.png>
Package pdftex.def Info: Figure5.png  used on input line 145.
(pdftex.def)             Requested size: 199.16928pt x 201.42027pt.
Package acronym Info: Label `acro:nlp' newly defined as it shall be overridden
although it is yet undefined on input line 150.

[13 <./Figure4.png> <./Figure5.png>] [14]) [15]
\openout2 = `Methodology.aux'.

 (Methodology.tex [16




]
Chapter 3.
<datalifecycle.png, id=482, 1606.0pt x 871.255pt>
File: datalifecycle.png Graphic file (type png)
<use datalifecycle.png>
Package pdftex.def Info: datalifecycle.png  used on input line 7.
(pdftex.def)             Requested size: 369.88582pt x 200.66362pt.
Package acronym Info: Label `acro:etl' newly defined as it shall be overridden
although it is yet undefined on input line 12.
Package acronym Info: Label `acro:elt' newly defined as it shall be overridden
although it is yet undefined on input line 12.
[17 <./datalifecycle.png>]
<etlVSelt.png, id=497, 1285.80376pt x 705.63625pt>
File: etlVSelt.png Graphic file (type png)
<use etlVSelt.png>
Package pdftex.def Info: etlVSelt.png  used on input line 16.
(pdftex.def)             Requested size: 284.52756pt x 156.14488pt.
 [18 <./etlVSelt.png>] [19]
Package acronym Info: Label `acro:url' newly defined as it shall be overridden
although it is yet undefined on input line 47.
<webScrapeProcess.png, id=554, 433.62pt x 252.945pt>
File: webScrapeProcess.png Graphic file (type png)
<use webScrapeProcess.png>
Package pdftex.def Info: webScrapeProcess.png  used on input line 54.
(pdftex.def)             Requested size: 341.43306pt x 199.1798pt.
Package acronym Info: Label `acro:html' newly defined as it shall be overridden

although it is yet undefined on input line 59.
 [20 <./webScrapeProcess.png>]
<twitter.png, id=572, 393.72093pt x 381.67593pt>
File: twitter.png Graphic file (type png)
<use twitter.png>
Package pdftex.def Info: twitter.png  used on input line 78.
(pdftex.def)             Requested size: 284.52756pt x 275.81982pt.
Package acronym Info: Label `acro:xml' newly defined as it shall be overridden
although it is yet undefined on input line 83.
 [21 <./twitter.png>]
<LinkedIn.png, id=586, 956.82469pt x 335.00156pt>
File: LinkedIn.png Graphic file (type png)
<use LinkedIn.png>
Package pdftex.def Info: LinkedIn.png  used on input line 87.
(pdftex.def)             Requested size: 398.33858pt x 139.46265pt.
Package acronym Info: Label `acro:csv' newly defined as it shall be overridden
although it is yet undefined on input line 95.
 [22 <./LinkedIn.png>]
<meanImputation.png, id=605, 347.79938pt x 240.14719pt>
File: meanImputation.png Graphic file (type png)
<use meanImputation.png>
Package pdftex.def Info: meanImputation.png  used on input line 115.
(pdftex.def)             Requested size: 284.52756pt x 196.46756pt.
 [23]
<duplicates.png, id=618, 734.745pt x 166.37157pt>
File: duplicates.png Graphic file (type png)
<use duplicates.png>
Package pdftex.def Info: duplicates.png  used on input line 124.
(pdftex.def)             Requested size: 284.52756pt x 64.42769pt.
 [24 <./meanImputation.png> <./duplicates.png>]
<dateConversion.png, id=629, 627.84563pt x 260.47313pt>
File: dateConversion.png Graphic file (type png)
<use dateConversion.png>
Package pdftex.def Info: dateConversion.png  used on input line 136.
(pdftex.def)             Requested size: 284.52756pt x 118.03851pt.
<emojis.png, id=632, 422.32782pt x 234.1247pt>
File: emojis.png Graphic file (type png)
<use emojis.png>
Package pdftex.def Info: emojis.png  used on input line 148.
(pdftex.def)             Requested size: 284.52756pt x 157.73798pt.
 [25 <./dateConversion.png>]
<features.png, id=647, 1204.5pt x 694.595pt>
File: features.png Graphic file (type png)
<use features.png>
Package pdftex.def Info: features.png  used on input line 161.
(pdftex.def)             Requested size: 369.88582pt x 213.29788pt.
 [26 <./emojis.png> <./features.png (PNG copy)>]
<CountVectorizer.png, id=662, 526.21594pt x 271.0125pt>
File: CountVectorizer.png Graphic file (type png)
<use CountVectorizer.png>
Package pdftex.def Info: CountVectorizer.png  used on input line 171.
(pdftex.def)             Requested size: 426.79134pt x 219.81665pt.

Overfull \hbox (0.97499pt too wide) in paragraph at lines 187--187
[]|\OT1/cmr/m/n/12 CountVectorizer| 
 []


Underfull \hbox (badness 3482) in paragraph at lines 189--189
[]|\OT1/cmr/m/n/12 Text clas-si-fi-ca-
 []


Underfull \hbox (badness 1038) in paragraph at lines 190--190
[]|\OT1/cmr/m/n/12 Simple and fast, suit-able
 []


Underfull \hbox (badness 10000) in paragraph at lines 192--192
[]|\OT1/cmr/m/n/12 Assigns weights to-
 []


Underfull \hbox (badness 10000) in paragraph at lines 192--192
\OT1/cmr/m/n/12 wards based on
 []


Underfull \hbox (badness 10000) in paragraph at lines 193--193
[]|\OT1/cmr/m/n/12 Information
 []


Underfull \hbox (badness 10000) in paragraph at lines 193--193
\OT1/cmr/m/n/12 re-trieval, text
 []


Underfull \hbox (badness 2409) in paragraph at lines 194--194
[]|\OT1/cmr/m/n/12 More com-plex and com-
 []


Underfull \hbox (badness 10000) in paragraph at lines 195--195
[]|\OT1/cmr/m/n/12 Word em-bed-
 []


Underfull \hbox (badness 5490) in paragraph at lines 196--196
[]|\OT1/cmr/m/n/12 Vector rep-re-sen-ta-tion
 []


Underfull \hbox (badness 10000) in paragraph at lines 197--197
[]|\OT1/cmr/m/n/12 Text clas-
 []


Underfull \hbox (badness 10000) in paragraph at lines 197--197
\OT1/cmr/m/n/12 si-fi-ca-tion,
 []


Underfull \hbox (badness 10000) in paragraph at lines 197--197
\OT1/cmr/m/n/12 in-for-ma-tion
 []


Underfull \hbox (badness 1496) in paragraph at lines 198--198
\OT1/cmr/m/n/12 com-pu-ta-tion-ally ex-pen-sive
 []


Underfull \hbox (badness 1168) in paragraph at lines 200--200
[]|\OT1/cmr/m/n/12 Represents text as a
 []


Underfull \hbox (badness 3482) in paragraph at lines 201--201
[]|\OT1/cmr/m/n/12 Text clas-si-fi-ca-
 []


Underfull \hbox (badness 2486) in paragraph at lines 202--202
[]|\OT1/cmr/m/n/12 Simple and fast suit-able
 []


Underfull \hbox (badness 3482) in paragraph at lines 205--205
[]|\OT1/cmr/m/n/12 Text clas-si-fi-ca-
 []


Underfull \hbox (badness 10000) in paragraph at lines 209--209
\OT1/cmr/m/n/12 clas-si-fi-ca-tion,
 []


Overfull \hbox (18.02771pt too wide) in paragraph at lines 181--212
[][] 
 []


Underfull \vbox (badness 10000) has occurred while \output is active []

 [27 <./CountVectorizer.png>]
Underfull \vbox (badness 10000) has occurred while \output is active []

 [28]
Underfull \vbox (badness 10000) has occurred while \output is active []

 [29]
<Subjective.png, id=702, 721.69624pt x 534.99875pt>
File: Subjective.png Graphic file (type png)
<use Subjective.png>
Package pdftex.def Info: Subjective.png  used on input line 281.
(pdftex.def)             Requested size: 227.62204pt x 168.73775pt.

[30 <./Subjective.png>]
<punctuation1.png, id=717, 553.06625pt x 314.17375pt>
File: punctuation1.png Graphic file (type png)
<use punctuation1.png>
Package pdftex.def Info: punctuation1.png  used on input line 294.
(pdftex.def)             Requested size: 284.52756pt x 161.6263pt.
<labeling.png, id=719, 944.7797pt x 246.9225pt>
File: labeling.png Graphic file (type png)
<use labeling.png>
Package pdftex.def Info: labeling.png  used on input line 311.
(pdftex.def)             Requested size: 426.79134pt x 111.54361pt.
 [31 <./punctuation1.png (PNG copy)>] [32 <./labeling.png>]
<validation.png, id=738, 853.1875pt x 394.47375pt>
File: validation.png Graphic file (type png)
<use validation.png>
Package pdftex.def Info: validation.png  used on input line 338.
(pdftex.def)             Requested size: 426.79134pt x 197.33269pt.
 [33 <./validation.png>]
<charts.png, id=750, 702.625pt x 328.22626pt>
File: charts.png Graphic file (type png)
<use charts.png>
Package pdftex.def Info: charts.png  used on input line 360.
(pdftex.def)             Requested size: 426.79134pt x 199.37631pt.
) [34 <./charts.png (PNG copy)>]
\openout2 = `Results.aux'.

 (Results.tex
Chapter 4.
) [35




]
\openout2 = `Conclusion.aux'.

 (Conclusion.tex [36




]
Chapter 5.
) [37]
\openout2 = `Appendix.aux'.

 (Appendix.tex [38




]
Appendix A.

Package hyperref Warning: The anchor of a bookmark and its parent's must not
(hyperref)                be the same. Added a new anchor on input line 9.

[39

] (Bachelor.lof)
\tf@lof=\write5
\openout5 = `Bachelor.lof'.

 [40


] (Bachelor.lot)
\tf@lot=\write6
\openout6 = `Bachelor.lot'.

) [41

] (Bachelor.bbl [42



] [43]) [44]
(Bachelor.aux (TitlePage.aux) (Acknowledgments.aux) (Abstract.aux)
(Introduction.aux) (LiteratureReview.aux) (Methodology.aux) (Results.aux)
(Conclusion.aux) (Appendix.aux))
 ***********
LaTeX2e <2023-11-01> patch level 1
L3 programming layer <2024-03-14>
 ***********
Package rerunfilecheck Info: File `Bachelor.out' has not changed.
(rerunfilecheck)             Checksum: 6FA7DF92DD82F5DB3F0738292068E26A;5766.
 ) 
Here is how much of TeX's memory you used:
 13409 strings out of 474424
 216381 string characters out of 5742211
 1941496 words of memory out of 5000000
 35277 multiletter control sequences out of 15000+600000
 565261 words of font info for 61 fonts, out of 8000000 for 9000
 1141 hyphenation exceptions out of 8191
 75i,11n,79p,1330b,647s stack positions out of 10000i,1000n,20000p,200000b,200000s
 <C:\Users\Emad\AppData\Local\MiKTeX\fonts/pk/ljfour/jknappen/ec/dpi600\tcrm1
200.pk><C:/Users/Emad/AppData/Local/Programs/MiKTeX/fonts/type1/public/amsfonts
/cm/cmbx12.pfb><C:/Users/Emad/AppData/Local/Programs/MiKTeX/fonts/type1/public/
amsfonts/cm/cmex10.pfb><C:/Users/Emad/AppData/Local/Programs/MiKTeX/fonts/type1
/public/amsfonts/cm/cmmi12.pfb><C:/Users/Emad/AppData/Local/Programs/MiKTeX/fon
ts/type1/public/amsfonts/cm/cmmi8.pfb><C:/Users/Emad/AppData/Local/Programs/MiK
TeX/fonts/type1/public/amsfonts/cm/cmr12.pfb><C:/Users/Emad/AppData/Local/Progr
ams/MiKTeX/fonts/type1/public/amsfonts/cm/cmr7.pfb><C:/Users/Emad/AppData/Local
/Programs/MiKTeX/fonts/type1/public/amsfonts/cm/cmr8.pfb><C:/Users/Emad/AppData
/Local/Programs/MiKTeX/fonts/type1/public/amsfonts/cm/cmsl12.pfb><C:/Users/Emad
/AppData/Local/Programs/MiKTeX/fonts/type1/public/amsfonts/cm/cmsy10.pfb><C:/Us
ers/Emad/AppData/Local/Programs/MiKTeX/fonts/type1/public/amsfonts/cm/cmti12.pf
b><C:/Users/Emad/AppData/Local/Programs/MiKTeX/fonts/type1/public/amsfonts/cm/c
mtt10.pfb>
Output written on Bachelor.pdf (54 pages, 1944713 bytes).
PDF statistics:
 977 PDF objects out of 1000 (max. 8388607)
 235 named destinations out of 1000 (max. 500000)
 449 words of extra memory for PDF output out of 10000 (max. 10000000)

