This is pdfTeX, Version 3.141592653-2.6-1.40.25 (MiKTeX 24.1) (preloaded format=pdflatex 2024.3.16)  17 MAR 2024 01:15
entering extended mode
 restricted \write18 enabled.
 %&-line parsing enabled.
**./TitlePage.tex
(TitlePage.tex
LaTeX2e <2023-11-01> patch level 1
L3 programming layer <2024-01-04>

! LaTeX Error: Missing \begin{document}.

See the LaTeX manual or LaTeX Companion for explanation.
Type  H <return>  for immediate help.
 ...                                              
                                                  
l.41 \titlePage
               
You're in trouble here.  Try typing  <return>  to proceed.
If that doesn't work, type  X <return>  to quit.


Overfull \hbox (20.0pt too wide) in paragraph at lines 41--41
[] 
 []


Overfull \hbox (31.36093pt too wide) in paragraph at lines 41--41
 \OT1/cmr/bx/n/10 Media 
 []


Overfull \hbox (17.77768pt too wide) in paragraph at lines 41--41
 \OT1/cmr/bx/n/10 En- 
 []


Overfull \hbox (12.77771pt too wide) in paragraph at lines 41--41
 \OT1/cmr/bx/n/10 gi- 
 []


Overfull \hbox (25.4999pt too wide) in paragraph at lines 41--41
 \OT1/cmr/bx/n/10 neer- 
 []


Overfull \hbox (15.33325pt too wide) in paragraph at lines 41--41
 \OT1/cmr/bx/n/10 ing 
 []


Overfull \hbox (18.36794pt too wide) in paragraph at lines 41--41
 \OT1/cmr/bx/n/10 and 
 []


Overfull \hbox (27.32625pt too wide) in paragraph at lines 41--41
 \OT1/cmr/bx/n/10 Tech- 
 []


Overfull \hbox (19.16656pt too wide) in paragraph at lines 41--41
 \OT1/cmr/bx/n/10 nol- 
 []


Overfull \hbox (17.56935pt too wide) in paragraph at lines 41--41
 \OT1/cmr/bx/n/10 ogy 
 []


Overfull \hbox (20.81236pt too wide) in paragraph at lines 41--41
 \OT1/cmr/bx/n/10 Fac- 
 []


Overfull \hbox (19.96518pt too wide) in paragraph at lines 41--41
 \OT1/cmr/bx/n/10 ulty 
 []


Overfull \hbox (40.61089pt too wide) in paragraph at lines 41--41
 []\OT1/cmr/bx/n/10 German 
 []


Overfull \hbox (22.26376pt too wide) in paragraph at lines 41--41
 \OT1/cmr/bx/n/10 Uni- 
 []


Overfull \hbox (19.5902pt too wide) in paragraph at lines 41--41
 \OT1/cmr/bx/n/10 ver- 
 []


Overfull \hbox (17.95267pt too wide) in paragraph at lines 41--41
 \OT1/cmr/bx/n/10 sity 
 []


Overfull \hbox (9.58328pt too wide) in paragraph at lines 41--41
 \OT1/cmr/bx/n/10 in 
 []


Overfull \hbox (27.57623pt too wide) in paragraph at lines 41--41
 \OT1/cmr/bx/n/10 Cairo 
 []

! Undefined control sequence.
\titlePage ...y in Cairo}\\[1mm] \includegraphics 
                                                  [width=2.5cm]{GUC-logo-ss....
l.41 \titlePage
               
The control sequence at the end of the top line
of your error message was never \def'ed. If you have
misspelled it (e.g., `\hobx'), type `I' and the correct
spelling (e.g., `I\hbox'). Otherwise just continue,
and I'll forget about whatever was undefined.

Missing character: There is no [ in font nullfont!
Missing character: There is no w in font nullfont!
Missing character: There is no i in font nullfont!
Missing character: There is no d in font nullfont!
Missing character: There is no t in font nullfont!
Missing character: There is no h in font nullfont!
Missing character: There is no = in font nullfont!
Missing character: There is no 2 in font nullfont!
Missing character: There is no . in font nullfont!
Missing character: There is no 5 in font nullfont!
Missing character: There is no c in font nullfont!
Missing character: There is no m in font nullfont!
Missing character: There is no ] in font nullfont!
Missing character: There is no G in font nullfont!
Missing character: There is no U in font nullfont!
Missing character: There is no C in font nullfont!
Missing character: There is no - in font nullfont!
Missing character: There is no l in font nullfont!
Missing character: There is no o in font nullfont!
Missing character: There is no g in font nullfont!
Missing character: There is no o in font nullfont!
Missing character: There is no - in font nullfont!
Missing character: There is no s in font nullfont!
Missing character: There is no s in font nullfont!
Missing character: There is no . in font nullfont!
Missing character: There is no e in font nullfont!
Missing character: There is no p in font nullfont!
Missing character: There is no s in font nullfont!
! Undefined control sequence.
\titlePage ...} \par \vspace {2cm} \doublespacing 
                                                  {\Huge \textbf {Engineerin...
l.41 \titlePage
               
The control sequence at the end of the top line
of your error message was never \def'ed. If you have
misspelled it (e.g., `\hobx'), type `I' and the correct
spelling (e.g., `I\hbox'). Otherwise just continue,
and I'll forget about whatever was undefined.

! Undefined control sequence.
\titlePage ...\vspace {2cm} \doublespacing {\Huge 
                                                  \textbf {Engineering a Dat...
l.41 \titlePage
               
The control sequence at the end of the top line
of your error message was never \def'ed. If you have
misspelled it (e.g., `\hobx'), type `I' and the correct
spelling (e.g., `I\hbox'). Otherwise just continue,
and I'll forget about whatever was undefined.


Overfull \hbox (59.8886pt too wide) in paragraph at lines 41--41
 []\OT1/cmr/bx/n/10 Engineering 
 []


Overfull \hbox (5.59023pt too wide) in paragraph at lines 41--41
 \OT1/cmr/bx/n/10 a 
 []


Overfull \hbox (24.47205pt too wide) in paragraph at lines 41--41
 \OT1/cmr/bx/n/10 Data 
 []


Overfull \hbox (34.85399pt too wide) in paragraph at lines 41--41
 \OT1/cmr/bx/n/10 Bench- 
 []


Overfull \hbox (25.97902pt too wide) in paragraph at lines 41--41
 \OT1/cmr/bx/n/10 mark 
 []


Overfull \hbox (23.58322pt too wide) in paragraph at lines 41--41
 \OT1/cmr/bx/n/10 from 
 []


Overfull \hbox (22.21516pt too wide) in paragraph at lines 41--41
 \OT1/cmr/bx/n/10 Tex- 
 []


Overfull \hbox (19.6457pt too wide) in paragraph at lines 41--41
 \OT1/cmr/bx/n/10 tual 
 []


Overfull \hbox (26.83594pt too wide) in paragraph at lines 41--41
 \OT1/cmr/bx/n/10 Posts 
 []


Overfull \hbox (13.99994pt too wide) in paragraph at lines 41--41
 \OT1/cmr/bx/n/10 for 
 []


Overfull \hbox (17.77768pt too wide) in paragraph at lines 41--41
 \OT1/cmr/bx/n/10 En- 
 []


Overfull \hbox (65.63858pt too wide) in paragraph at lines 41--41
 \OT1/cmr/bx/n/10 trepreneurial 
 []


Overfull \hbox (21.38185pt too wide) in paragraph at lines 41--41
 \OT1/cmr/bx/n/10 Per- 
 []


Overfull \hbox (20.50821pt too wide) in paragraph at lines 41--41
 \OT1/cmr/bx/n/10 son- 
 []


Overfull \hbox (12.61797pt too wide) in paragraph at lines 41--41
 \OT1/cmr/bx/n/10 al- 
 []


Overfull \hbox (13.4166pt too wide) in paragraph at lines 41--41
 \OT1/cmr/bx/n/10 ity 
 []


Overfull \hbox (27.70122pt too wide) in paragraph at lines 41--41
 \OT1/cmr/bx/n/10 Anal- 
 []


Overfull \hbox (9.90273pt too wide) in paragraph at lines 41--41
 \OT1/cmr/bx/n/10 y- 
 []


Overfull \hbox (12.26657pt too wide) in paragraph at lines 41--41
 \OT1/cmr/bx/n/10 sis 
 []

! Undefined control sequence.
<recently read> \singlespacing 
                               
l.41 \titlePage
               
The control sequence at the end of the top line
of your error message was never \def'ed. If you have
misspelled it (e.g., `\hobx'), type `I' and the correct
spelling (e.g., `I\hbox'). Otherwise just continue,
and I'll forget about whatever was undefined.

! Undefined control sequence.
\titlePage ...singlespacing \vspace {2cm} {\large 
                                                  \textbf {Bachelor Thesis}}...
l.41 \titlePage
               
The control sequence at the end of the top line
of your error message was never \def'ed. If you have
misspelled it (e.g., `\hobx'), type `I' and the correct
spelling (e.g., `I\hbox'). Otherwise just continue,
and I'll forget about whatever was undefined.


Overfull \hbox (43.90254pt too wide) in paragraph at lines 41--41
 []\OT1/cmr/bx/n/10 Bachelor 
 []


Overfull \hbox (23.49294pt too wide) in paragraph at lines 41--41
 \OT1/cmr/bx/n/10 The- 
 []


Overfull \hbox (12.26657pt too wide) in paragraph at lines 41--41
 \OT1/cmr/bx/n/10 sis 
 []


! LaTeX Error: Environment large undefined.

See the LaTeX manual or LaTeX Companion for explanation.
Type  H <return>  for immediate help.
 ...                                              
                                                  
l.41 \titlePage
               
Your command was ignored.
Type  I <command> <return>  to replace it with another command,
or  <return>  to continue without it.

Missing character: There is no A in font nullfont!
Missing character: There is no u in font nullfont!
Missing character: There is no t in font nullfont!
Missing character: There is no h in font nullfont!
Missing character: There is no o in font nullfont!
Missing character: There is no r in font nullfont!
Missing character: There is no : in font nullfont!
! Undefined control sequence.
<argument> ...or: \hspace {2cm} \=\authorOfThesis 
                                                  \\[2mm] Supervisors: \>\su...
l.41 \titlePage
               
The control sequence at the end of the top line
of your error message was never \def'ed. If you have
misspelled it (e.g., `\hobx'), type `I' and the correct
spelling (e.g., `I\hbox'). Otherwise just continue,
and I'll forget about whatever was undefined.

Missing character: There is no S in font nullfont!
Missing character: There is no u in font nullfont!
Missing character: There is no p in font nullfont!
Missing character: There is no e in font nullfont!
Missing character: There is no r in font nullfont!
Missing character: There is no v in font nullfont!
Missing character: There is no i in font nullfont!
Missing character: There is no s in font nullfont!
Missing character: There is no o in font nullfont!
Missing character: There is no r in font nullfont!
Missing character: There is no s in font nullfont!
Missing character: There is no : in font nullfont!
! Undefined control sequence.
<argument> ...[2mm] Supervisors: \>\supervisorOne 
                                                  \\[2mm] \>\supervisorTwo \...
l.41 \titlePage
               
The control sequence at the end of the top line
of your error message was never \def'ed. If you have
misspelled it (e.g., `\hobx'), type `I' and the correct
spelling (e.g., `I\hbox'). Otherwise just continue,
and I'll forget about whatever was undefined.

! Undefined control sequence.
<argument> ...ervisorOne \\[2mm] \>\supervisorTwo 
                                                  \\[2mm] \>\supervisorThree...
l.41 \titlePage
               
The control sequence at the end of the top line
of your error message was never \def'ed. If you have
misspelled it (e.g., `\hobx'), type `I' and the correct
spelling (e.g., `I\hbox'). Otherwise just continue,
and I'll forget about whatever was undefined.

! Undefined control sequence.
<argument> ...visorTwo \\[2mm] \>\supervisorThree 
                                                  \\[2mm] Submission Date: \...
l.41 \titlePage
               
The control sequence at the end of the top line
of your error message was never \def'ed. If you have
misspelled it (e.g., `\hobx'), type `I' and the correct
spelling (e.g., `I\hbox'). Otherwise just continue,
and I'll forget about whatever was undefined.

Missing character: There is no S in font nullfont!
Missing character: There is no u in font nullfont!
Missing character: There is no b in font nullfont!
Missing character: There is no m in font nullfont!
Missing character: There is no i in font nullfont!
Missing character: There is no s in font nullfont!
Missing character: There is no s in font nullfont!
Missing character: There is no i in font nullfont!
Missing character: There is no o in font nullfont!
Missing character: There is no n in font nullfont!
Missing character: There is no D in font nullfont!
Missing character: There is no a in font nullfont!
Missing character: There is no t in font nullfont!
Missing character: There is no e in font nullfont!
Missing character: There is no : in font nullfont!
! Undefined control sequence.
<argument> ... Submission Date: \>\submissionDate 
                                                  \\ \end {tabbing} \end {la...
l.41 \titlePage
               
The control sequence at the end of the top line
of your error message was never \def'ed. If you have
misspelled it (e.g., `\hobx'), type `I' and the correct
spelling (e.g., `I\hbox'). Otherwise just continue,
and I'll forget about whatever was undefined.


! LaTeX Error: \begin{center} on input line 41 ended by \end{large}.

See the LaTeX manual or LaTeX Companion for explanation.
Type  H <return>  for immediate help.
 ...                                              
                                                  
l.41 \titlePage
               
Your command was ignored.
Type  I <command> <return>  to replace it with another command,
or  <return>  to continue without it.

LaTeX Font Info:    External font `cmex10' loaded for size
(Font)              <7> on input line 41.
LaTeX Font Info:    External font `cmex10' loaded for size
(Font)              <5> on input line 41.

Overfull \hbox (56.9055pt too wide) in paragraph at lines 41--41
 []$[]$ 
 []


! LaTeX Error: The font size command \normalsize is not defined:
               there is probably something wrong with the class file.

See the LaTeX manual or LaTeX Companion for explanation.
Type  H <return>  for immediate help.
 ...                                              
                                                  
l.41 \titlePage
               
Your command was ignored.
Type  I <command> <return>  to replace it with another command,
or  <return>  to continue without it.

[1{C:/Users/Joy/AppData/Local/MiKTeX/fonts/map/pdftex/pdftex.map}]
Overfull \hbox (20.0pt too wide) in paragraph at lines 43--43
[] 
 []


! LaTeX Error: The font size command \normalsize is not defined:
               there is probably something wrong with the class file.

See the LaTeX manual or LaTeX Companion for explanation.
Type  H <return>  for immediate help.
 ...                                              
                                                  
l.43 \ \clearpage
                 
Your command was ignored.
Type  I <command> <return>  to replace it with another command,
or  <return>  to continue without it.

[2

]
Overfull \hbox (20.0pt too wide) in paragraph at lines 44--44
[] 
 []


Overfull \hbox (31.36093pt too wide) in paragraph at lines 44--44
 \OT1/cmr/bx/n/10 Media 
 []


Overfull \hbox (17.77768pt too wide) in paragraph at lines 44--44
 \OT1/cmr/bx/n/10 En- 
 []


Overfull \hbox (12.77771pt too wide) in paragraph at lines 44--44
 \OT1/cmr/bx/n/10 gi- 
 []


Overfull \hbox (25.4999pt too wide) in paragraph at lines 44--44
 \OT1/cmr/bx/n/10 neer- 
 []


Overfull \hbox (15.33325pt too wide) in paragraph at lines 44--44
 \OT1/cmr/bx/n/10 ing 
 []


Overfull \hbox (18.36794pt too wide) in paragraph at lines 44--44
 \OT1/cmr/bx/n/10 and 
 []


Overfull \hbox (27.32625pt too wide) in paragraph at lines 44--44
 \OT1/cmr/bx/n/10 Tech- 
 []


Overfull \hbox (19.16656pt too wide) in paragraph at lines 44--44
 \OT1/cmr/bx/n/10 nol- 
 []


Overfull \hbox (17.56935pt too wide) in paragraph at lines 44--44
 \OT1/cmr/bx/n/10 ogy 
 []


Overfull \hbox (20.81236pt too wide) in paragraph at lines 44--44
 \OT1/cmr/bx/n/10 Fac- 
 []


Overfull \hbox (19.96518pt too wide) in paragraph at lines 44--44
 \OT1/cmr/bx/n/10 ulty 
 []


Overfull \hbox (40.61089pt too wide) in paragraph at lines 44--44
 []\OT1/cmr/bx/n/10 German 
 []


Overfull \hbox (22.26376pt too wide) in paragraph at lines 44--44
 \OT1/cmr/bx/n/10 Uni- 
 []


Overfull \hbox (19.5902pt too wide) in paragraph at lines 44--44
 \OT1/cmr/bx/n/10 ver- 
 []


Overfull \hbox (17.95267pt too wide) in paragraph at lines 44--44
 \OT1/cmr/bx/n/10 sity 
 []


Overfull \hbox (9.58328pt too wide) in paragraph at lines 44--44
 \OT1/cmr/bx/n/10 in 
 []


Overfull \hbox (27.57623pt too wide) in paragraph at lines 44--44
 \OT1/cmr/bx/n/10 Cairo 
 []

! Undefined control sequence.
\titlePage ...y in Cairo}\\[1mm] \includegraphics 
                                                  [width=2.5cm]{GUC-logo-ss....
l.44 \titlePage
               
The control sequence at the end of the top line
of your error message was never \def'ed. If you have
misspelled it (e.g., `\hobx'), type `I' and the correct
spelling (e.g., `I\hbox'). Otherwise just continue,
and I'll forget about whatever was undefined.

Missing character: There is no [ in font nullfont!
Missing character: There is no w in font nullfont!
Missing character: There is no i in font nullfont!
Missing character: There is no d in font nullfont!
Missing character: There is no t in font nullfont!
Missing character: There is no h in font nullfont!
Missing character: There is no = in font nullfont!
Missing character: There is no 2 in font nullfont!
Missing character: There is no . in font nullfont!
Missing character: There is no 5 in font nullfont!
Missing character: There is no c in font nullfont!
Missing character: There is no m in font nullfont!
Missing character: There is no ] in font nullfont!
Missing character: There is no G in font nullfont!
Missing character: There is no U in font nullfont!
Missing character: There is no C in font nullfont!
Missing character: There is no - in font nullfont!
Missing character: There is no l in font nullfont!
Missing character: There is no o in font nullfont!
Missing character: There is no g in font nullfont!
Missing character: There is no o in font nullfont!
Missing character: There is no - in font nullfont!
Missing character: There is no s in font nullfont!
Missing character: There is no s in font nullfont!
Missing character: There is no . in font nullfont!
Missing character: There is no e in font nullfont!
Missing character: There is no p in font nullfont!
Missing character: There is no s in font nullfont!
! Undefined control sequence.
\titlePage ...} \par \vspace {2cm} \doublespacing 
                                                  {\Huge \textbf {Engineerin...
l.44 \titlePage
               
The control sequence at the end of the top line
of your error message was never \def'ed. If you have
misspelled it (e.g., `\hobx'), type `I' and the correct
spelling (e.g., `I\hbox'). Otherwise just continue,
and I'll forget about whatever was undefined.

! Undefined control sequence.
\titlePage ...\vspace {2cm} \doublespacing {\Huge 
                                                  \textbf {Engineering a Dat...
l.44 \titlePage
               
The control sequence at the end of the top line
of your error message was never \def'ed. If you have
misspelled it (e.g., `\hobx'), type `I' and the correct
spelling (e.g., `I\hbox'). Otherwise just continue,
and I'll forget about whatever was undefined.


Overfull \hbox (59.8886pt too wide) in paragraph at lines 44--44
 []\OT1/cmr/bx/n/10 Engineering 
 []


Overfull \hbox (5.59023pt too wide) in paragraph at lines 44--44
 \OT1/cmr/bx/n/10 a 
 []


Overfull \hbox (24.47205pt too wide) in paragraph at lines 44--44
 \OT1/cmr/bx/n/10 Data 
 []


Overfull \hbox (34.85399pt too wide) in paragraph at lines 44--44
 \OT1/cmr/bx/n/10 Bench- 
 []


Overfull \hbox (25.97902pt too wide) in paragraph at lines 44--44
 \OT1/cmr/bx/n/10 mark 
 []


Overfull \hbox (23.58322pt too wide) in paragraph at lines 44--44
 \OT1/cmr/bx/n/10 from 
 []


Overfull \hbox (22.21516pt too wide) in paragraph at lines 44--44
 \OT1/cmr/bx/n/10 Tex- 
 []


Overfull \hbox (19.6457pt too wide) in paragraph at lines 44--44
 \OT1/cmr/bx/n/10 tual 
 []


Overfull \hbox (26.83594pt too wide) in paragraph at lines 44--44
 \OT1/cmr/bx/n/10 Posts 
 []


Overfull \hbox (13.99994pt too wide) in paragraph at lines 44--44
 \OT1/cmr/bx/n/10 for 
 []


Overfull \hbox (17.77768pt too wide) in paragraph at lines 44--44
 \OT1/cmr/bx/n/10 En- 
 []


Overfull \hbox (65.63858pt too wide) in paragraph at lines 44--44
 \OT1/cmr/bx/n/10 trepreneurial 
 []


Overfull \hbox (21.38185pt too wide) in paragraph at lines 44--44
 \OT1/cmr/bx/n/10 Per- 
 []


Overfull \hbox (20.50821pt too wide) in paragraph at lines 44--44
 \OT1/cmr/bx/n/10 son- 
 []


Overfull \hbox (12.61797pt too wide) in paragraph at lines 44--44
 \OT1/cmr/bx/n/10 al- 
 []


Overfull \hbox (13.4166pt too wide) in paragraph at lines 44--44
 \OT1/cmr/bx/n/10 ity 
 []


Overfull \hbox (27.70122pt too wide) in paragraph at lines 44--44
 \OT1/cmr/bx/n/10 Anal- 
 []


Overfull \hbox (9.90273pt too wide) in paragraph at lines 44--44
 \OT1/cmr/bx/n/10 y- 
 []


Overfull \hbox (12.26657pt too wide) in paragraph at lines 44--44
 \OT1/cmr/bx/n/10 sis 
 []

! Undefined control sequence.
<recently read> \singlespacing 
                               
l.44 \titlePage
               
The control sequence at the end of the top line
of your error message was never \def'ed. If you have
misspelled it (e.g., `\hobx'), type `I' and the correct
spelling (e.g., `I\hbox'). Otherwise just continue,
and I'll forget about whatever was undefined.

! Undefined control sequence.
\titlePage ...singlespacing \vspace {2cm} {\large 
                                                  \textbf {Bachelor Thesis}}...
l.44 \titlePage
               
The control sequence at the end of the top line
of your error message was never \def'ed. If you have
misspelled it (e.g., `\hobx'), type `I' and the correct
spelling (e.g., `I\hbox'). Otherwise just continue,
and I'll forget about whatever was undefined.


Overfull \hbox (43.90254pt too wide) in paragraph at lines 44--44
 []\OT1/cmr/bx/n/10 Bachelor 
 []


Overfull \hbox (23.49294pt too wide) in paragraph at lines 44--44
 \OT1/cmr/bx/n/10 The- 
 []


Overfull \hbox (12.26657pt too wide) in paragraph at lines 44--44
 \OT1/cmr/bx/n/10 sis 
 []


! LaTeX Error: Environment large undefined.

See the LaTeX manual or LaTeX Companion for explanation.
Type  H <return>  for immediate help.
 ...                                              
                                                  
l.44 \titlePage
               
Your command was ignored.
Type  I <command> <return>  to replace it with another command,
or  <return>  to continue without it.

Missing character: There is no A in font nullfont!
Missing character: There is no u in font nullfont!
Missing character: There is no t in font nullfont!
Missing character: There is no h in font nullfont!
Missing character: There is no o in font nullfont!
Missing character: There is no r in font nullfont!
Missing character: There is no : in font nullfont!
! Undefined control sequence.
<argument> ...or: \hspace {2cm} \=\authorOfThesis 
                                                  \\[2mm] Supervisors: \>\su...
l.44 \titlePage
               
The control sequence at the end of the top line
of your error message was never \def'ed. If you have
misspelled it (e.g., `\hobx'), type `I' and the correct
spelling (e.g., `I\hbox'). Otherwise just continue,
and I'll forget about whatever was undefined.

Missing character: There is no S in font nullfont!
Missing character: There is no u in font nullfont!
Missing character: There is no p in font nullfont!
Missing character: There is no e in font nullfont!
Missing character: There is no r in font nullfont!
Missing character: There is no v in font nullfont!
Missing character: There is no i in font nullfont!
Missing character: There is no s in font nullfont!
Missing character: There is no o in font nullfont!
Missing character: There is no r in font nullfont!
Missing character: There is no s in font nullfont!
Missing character: There is no : in font nullfont!
! Undefined control sequence.
<argument> ...[2mm] Supervisors: \>\supervisorOne 
                                                  \\[2mm] \>\supervisorTwo \...
l.44 \titlePage
               
The control sequence at the end of the top line
of your error message was never \def'ed. If you have
misspelled it (e.g., `\hobx'), type `I' and the correct
spelling (e.g., `I\hbox'). Otherwise just continue,
and I'll forget about whatever was undefined.

! Undefined control sequence.
<argument> ...ervisorOne \\[2mm] \>\supervisorTwo 
                                                  \\[2mm] \>\supervisorThree...
l.44 \titlePage
               
The control sequence at the end of the top line
of your error message was never \def'ed. If you have
misspelled it (e.g., `\hobx'), type `I' and the correct
spelling (e.g., `I\hbox'). Otherwise just continue,
and I'll forget about whatever was undefined.

! Undefined control sequence.
<argument> ...visorTwo \\[2mm] \>\supervisorThree 
                                                  \\[2mm] Submission Date: \...
l.44 \titlePage
               
The control sequence at the end of the top line
of your error message was never \def'ed. If you have
misspelled it (e.g., `\hobx'), type `I' and the correct
spelling (e.g., `I\hbox'). Otherwise just continue,
and I'll forget about whatever was undefined.

Missing character: There is no S in font nullfont!
Missing character: There is no u in font nullfont!
Missing character: There is no b in font nullfont!
Missing character: There is no m in font nullfont!
Missing character: There is no i in font nullfont!
Missing character: There is no s in font nullfont!
Missing character: There is no s in font nullfont!
Missing character: There is no i in font nullfont!
Missing character: There is no o in font nullfont!
Missing character: There is no n in font nullfont!
Missing character: There is no D in font nullfont!
Missing character: There is no a in font nullfont!
Missing character: There is no t in font nullfont!
Missing character: There is no e in font nullfont!
Missing character: There is no : in font nullfont!
! Undefined control sequence.
<argument> ... Submission Date: \>\submissionDate 
                                                  \\ \end {tabbing} \end {la...
l.44 \titlePage
               
The control sequence at the end of the top line
of your error message was never \def'ed. If you have
misspelled it (e.g., `\hobx'), type `I' and the correct
spelling (e.g., `I\hbox'). Otherwise just continue,
and I'll forget about whatever was undefined.


! LaTeX Error: \begin{center} on input line 44 ended by \end{large}.

See the LaTeX manual or LaTeX Companion for explanation.
Type  H <return>  for immediate help.
 ...                                              
                                                  
l.44 \titlePage
               
Your command was ignored.
Type  I <command> <return>  to replace it with another command,
or  <return>  to continue without it.


Overfull \hbox (56.9055pt too wide) in paragraph at lines 44--44
 []$[]$ 
 []


! LaTeX Error: The font size command \normalsize is not defined:
               there is probably something wrong with the class file.

See the LaTeX manual or LaTeX Companion for explanation.
Type  H <return>  for immediate help.
 ...                                              
                                                  
l.44 \titlePage
               
Your command was ignored.
Type  I <command> <return>  to replace it with another command,
or  <return>  to continue without it.

[3

]
Missing character: There is no T in font nullfont!
Missing character: There is no h in font nullfont!
Missing character: There is no i in font nullfont!
Missing character: There is no s in font nullfont!
Missing character: There is no i in font nullfont!
Missing character: There is no s in font nullfont!
Missing character: There is no t in font nullfont!
Missing character: There is no o in font nullfont!
Missing character: There is no c in font nullfont!
Missing character: There is no e in font nullfont!
Missing character: There is no r in font nullfont!
Missing character: There is no t in font nullfont!
Missing character: There is no i in font nullfont!
Missing character: There is no f in font nullfont!
Missing character: There is no y in font nullfont!
Missing character: There is no t in font nullfont!
Missing character: There is no h in font nullfont!
Missing character: There is no a in font nullfont!
Missing character: There is no t in font nullfont!
Missing character: There is no : in font nullfont!

Overfull \hbox (20.0pt too wide) in paragraph at lines 47--48
[]
 []

Missing character: There is no ( in font nullfont!
Missing character: There is no i in font nullfont!
Missing character: There is no ) in font nullfont!
Missing character: There is no t in font nullfont!
Missing character: There is no h in font nullfont!
Missing character: There is no e in font nullfont!
Missing character: There is no t in font nullfont!
Missing character: There is no h in font nullfont!
Missing character: There is no e in font nullfont!
Missing character: There is no s in font nullfont!
Missing character: There is no i in font nullfont!
Missing character: There is no s in font nullfont!
Missing character: There is no c in font nullfont!
Missing character: There is no o in font nullfont!
Missing character: There is no m in font nullfont!
Missing character: There is no p in font nullfont!
Missing character: There is no r in font nullfont!
Missing character: There is no i in font nullfont!
Missing character: There is no s in font nullfont!
Missing character: There is no e in font nullfont!
Missing character: There is no s in font nullfont!
Missing character: There is no o in font nullfont!
Missing character: There is no n in font nullfont!
Missing character: There is no l in font nullfont!
Missing character: There is no y in font nullfont!
Missing character: There is no m in font nullfont!
Missing character: There is no y in font nullfont!
Missing character: There is no o in font nullfont!
Missing character: There is no r in font nullfont!
Missing character: There is no i in font nullfont!
Missing character: There is no g in font nullfont!
Missing character: There is no i in font nullfont!
Missing character: There is no n in font nullfont!
Missing character: There is no a in font nullfont!
Missing character: There is no l in font nullfont!
Missing character: There is no w in font nullfont!
Missing character: There is no o in font nullfont!
Missing character: There is no r in font nullfont!
Missing character: There is no k in font nullfont!
Missing character: There is no t in font nullfont!
Missing character: There is no o in font nullfont!
Missing character: There is no w in font nullfont!
Missing character: There is no a in font nullfont!
Missing character: There is no r in font nullfont!
Missing character: There is no d in font nullfont!
Missing character: There is no t in font nullfont!
Missing character: There is no h in font nullfont!
Missing character: There is no e in font nullfont!
Missing character: There is no B in font nullfont!
Missing character: There is no a in font nullfont!
Missing character: There is no c in font nullfont!
Missing character: There is no h in font nullfont!
Missing character: There is no e in font nullfont!
Missing character: There is no l in font nullfont!
Missing character: There is no o in font nullfont!
Missing character: There is no r in font nullfont!
Missing character: There is no D in font nullfont!
Missing character: There is no e in font nullfont!
Missing character: There is no g in font nullfont!
Missing character: There is no r in font nullfont!
Missing character: There is no e in font nullfont!
Missing character: There is no e in font nullfont!
Missing character: There is no ( in font nullfont!
Missing character: There is no i in font nullfont!
Missing character: There is no i in font nullfont!
Missing character: There is no ) in font nullfont!
Missing character: There is no d in font nullfont!
Missing character: There is no u in font nullfont!
Missing character: There is no e in font nullfont!
Missing character: There is no a in font nullfont!
Missing character: There is no c in font nullfont!
Missing character: There is no k in font nullfont!
Missing character: There is no n in font nullfont!
Missing character: There is no o in font nullfont!
Missing character: There is no w in font nullfont!
Missing character: There is no l in font nullfont!
Missing character: There is no e in font nullfont!
Missing character: There is no d in font nullfont!
Missing character: There is no g in font nullfont!
Missing character: There is no m in font nullfont!
Missing character: There is no e in font nullfont!
Missing character: There is no n in font nullfont!
Missing character: There is no t in font nullfont!
Missing character: There is no h in font nullfont!
Missing character: There is no a in font nullfont!
Missing character: There is no s in font nullfont!
Missing character: There is no b in font nullfont!
Missing character: There is no e in font nullfont!
Missing character: There is no e in font nullfont!
Missing character: There is no n in font nullfont!
Missing character: There is no m in font nullfont!
Missing character: There is no a in font nullfont!
Missing character: There is no d in font nullfont!
Missing character: There is no e in font nullfont!
Missing character: There is no i in font nullfont!
Missing character: There is no n in font nullfont!
Missing character: There is no t in font nullfont!
Missing character: There is no h in font nullfont!
Missing character: There is no e in font nullfont!
Missing character: There is no t in font nullfont!
Missing character: There is no e in font nullfont!
Missing character: There is no x in font nullfont!
Missing character: There is no t in font nullfont!
Missing character: There is no t in font nullfont!
Missing character: There is no o in font nullfont!
Missing character: There is no a in font nullfont!
Missing character: There is no l in font nullfont!
Missing character: There is no l in font nullfont!
Missing character: There is no o in font nullfont!
Missing character: There is no t in font nullfont!
Missing character: There is no h in font nullfont!
Missing character: There is no e in font nullfont!
Missing character: There is no r in font nullfont!
Missing character: There is no m in font nullfont!
Missing character: There is no a in font nullfont!
Missing character: There is no t in font nullfont!
Missing character: There is no e in font nullfont!
Missing character: There is no r in font nullfont!
Missing character: There is no i in font nullfont!
Missing character: There is no a in font nullfont!
Missing character: There is no l in font nullfont!
Missing character: There is no u in font nullfont!
Missing character: There is no s in font nullfont!
Missing character: There is no e in font nullfont!
Missing character: There is no d in font nullfont!

Overfull \hbox (20.0pt too wide) in paragraph at lines 54--54
[] 
 []


Overfull \hbox (170.71652pt too wide) in paragraph at lines 55--55
 []
 []


! LaTeX Error: The font size command \normalsize is not defined:
               there is probably something wrong with the class file.

See the LaTeX manual or LaTeX Companion for explanation.
Type  H <return>  for immediate help.
 ...                                              
                                                  
l.59 \clearpage
               
Your command was ignored.
Type  I <command> <return>  to replace it with another command,
or  <return>  to continue without it.

[4

])
! Emergency stop.
<*> ./TitlePage.tex
                   
*** (job aborted, no legal \end found)

 
Here is how much of TeX's memory you used:
 47 strings out of 474486
 961 string characters out of 5744699
 1928542 words of memory out of 5000000
 22430 multiletter control sequences out of 15000+600000
 558377 words of font info for 37 fonts, out of 8000000 for 9000
 1141 hyphenation exceptions out of 8191
 23i,5n,23p,134b,177s stack positions out of 10000i,1000n,20000p,200000b,200000s
!  ==> Fatal error occurred, no output PDF file produced!
